=== Bank Benchmark: PsiTri-DWAL ===
  Accounts:     1,000,000
  Transactions: 1,000,000
  Batch size:   1
  Sync every:   never commits
  Sync mode:    none
  Seed:         12345
  Read mode:    latest
  DB path:      /tmp/bench_bank_dwal

Phase 1: Account Generation
  Loaded 104,334 dictionary words
  Account generation              0.058 sec      17,207,568 ops/sec

Phase 2: Bulk Load
mapping.cpp:84             (null)     mapping               [33mOpened empty file: /tmp/bench_bank_dwal/ptrs/header.bin[0m
mapping.cpp:132            (null)     resize                [33mResizing mapping: current=0, new=4120[0m
mapping.cpp:192            (null)     resize                [33mRemapped to new location: old_addr=0, new_addr=139677674950656, size=4120[0m
control_block_alloc.cpp:30  (null)     control_block_alloc   [1;31mfree_list.bit blocksize: 524288[0m
control_block_alloc.cpp:84  (null)     ensure_capacity       [33mgrowing control_block capacity: 0 [0m
allocator.cpp:126          (null)     cap_to_disk_space     [33mmax_database_size (32768 GB) exceeds filesystem capacity (60 GB) — capping[0m
mapping.cpp:84             (null)     mapping               [33mOpened empty file: /tmp/bench_bank_dwal/header[0m
mapping.cpp:84             (null)     mapping               [33mOpened empty file: /tmp/bench_bank_dwal/roots[0m
mapping.cpp:132            (null)     resize                [33mResizing mapping: current=0, new=93618176[0m
mapping.cpp:192            (null)     resize                [33mRemapped to new location: old_addr=0, new_addr=139577413828608, size=93618176[0m
mapping.cpp:132            (null)     resize                [33mResizing mapping: current=0, new=4096[0m
mapping.cpp:192            (null)     resize                [33mRemapped to new location: old_addr=0, new_addr=139677674946560, size=4096[0m
mapping.cpp:84             (null)     mapping               [33mOpened empty file: /tmp/bench_bank_dwal/dbfile.bin[0m
mapping.cpp:132            (null)     resize                [33mResizing mapping: current=0, new=4160[0m
mapping.cpp:192            (null)     resize                [33mRemapped to new location: old_addr=0, new_addr=139677674938368, size=4160[0m
[MERGE] root=0 entries=100002  98 ms wall / 98 ms cpu  syscall=0%  1024500 entries/sec  0.98 us/entry  max=0.1 ms
        latency: <1us=84558  <10us=15429  <100us=15  <1ms=0  <10ms=0  >=10ms=0  |  stalls(>=1ms): 0 entries, 0 ms total (0% of wall)
        segments: 2 new segs, 0 ms total (0% of wall)  0.0 ms/seg
[MERGE] root=0 entries=103049  87 ms wall / 87 ms cpu  syscall=0%  1180779 entries/sec  0.85 us/entry  max=0.0 ms
        latency: <1us=87669  <10us=15370  <100us=10  <1ms=0  <10ms=0  >=10ms=0  |  stalls(>=1ms): 0 entries, 0 ms total (0% of wall)
        segments: 2 new segs, 0 ms total (0% of wall)  0.0 ms/seg
[MERGE] root=0 entries=100000  82 ms wall / 82 ms cpu  syscall=0%  1224145 entries/sec  0.82 us/entry  max=0.0 ms
        latency: <1us=84626  <10us=15364  <100us=10  <1ms=0  <10ms=0  >=10ms=0  |  stalls(>=1ms): 0 entries, 0 ms total (0% of wall)
        segments: 1 new segs, 0 ms total (0% of wall)  0.0 ms/seg
[MERGE] root=0 entries=100000  91 ms wall / 90 ms cpu  syscall=0%  1104619 entries/sec  0.91 us/entry  max=0.0 ms
        latency: <1us=84408  <10us=15584  <100us=8  <1ms=0  <10ms=0  >=10ms=0  |  stalls(>=1ms): 0 entries, 0 ms total (0% of wall)
        segments: 0 new segs, 0 ms total (0% of wall)  0.0 ms/seg
[MERGE] root=0 entries=100002  79 ms wall / 79 ms cpu  syscall=0%  1268483 entries/sec  0.79 us/entry  max=0.0 ms
        latency: <1us=84458  <10us=15537  <100us=7  <1ms=0  <10ms=0  >=10ms=0  |  stalls(>=1ms): 0 entries, 0 ms total (0% of wall)
        segments: 0 new segs, 0 ms total (0% of wall)  0.0 ms/seg
[MERGE] root=0 entries=100001  85 ms wall / 85 ms cpu  syscall=0%  1172384 entries/sec  0.85 us/entry  max=0.0 ms
        latency: <1us=84527  <10us=15466  <100us=8  <1ms=0  <10ms=0  >=10ms=0  |  stalls(>=1ms): 0 entries, 0 ms total (0% of wall)
        segments: 1 new segs, 0 ms total (0% of wall)  0.0 ms/seg
[MERGE] root=0 entries=100001  77 ms wall / 77 ms cpu  syscall=0%  1299033 entries/sec  0.77 us/entry  max=0.0 ms
        latency: <1us=84721  <10us=15276  <100us=4  <1ms=0  <10ms=0  >=10ms=0  |  stalls(>=1ms): 0 entries, 0 ms total (0% of wall)
        segments: 1 new segs, 0 ms total (0% of wall)  0.0 ms/seg
[MERGE] root=0 entries=100001  75 ms wall / 75 ms cpu  syscall=0%  1334934 entries/sec  0.75 us/entry  max=0.0 ms
        latency: <1us=84767  <10us=15227  <100us=7  <1ms=0  <10ms=0  >=10ms=0  |  stalls(>=1ms): 0 entries, 0 ms total (0% of wall)
        segments: 1 new segs, 0 ms total (0% of wall)  0.0 ms/seg
[MERGE] root=0 entries=100002  83 ms wall / 83 ms cpu  syscall=0%  1200800 entries/sec  0.83 us/entry  max=0.4 ms
        latency: <1us=84555  <10us=15426  <100us=16  <1ms=5  <10ms=0  >=10ms=0  |  stalls(>=1ms): 0 entries, 0 ms total (0% of wall)
        segments: 1 new segs, 0 ms total (0% of wall)  0.0 ms/seg
[MERGE] root=0 entries=100000  82 ms wall / 82 ms cpu  syscall=0%  1212667 entries/sec  0.82 us/entry  max=0.2 ms
        latency: <1us=84546  <10us=15442  <100us=10  <1ms=2  <10ms=0  >=10ms=0  |  stalls(>=1ms): 0 entries, 0 ms total (0% of wall)
        segments: 1 new segs, 0 ms total (0% of wall)  0.0 ms/seg
[MERGE] root=0 entries=100001  88 ms wall / 88 ms cpu  syscall=0%  1134229 entries/sec  0.88 us/entry  max=0.4 ms
        latency: <1us=84497  <10us=15482  <100us=18  <1ms=4  <10ms=0  >=10ms=0  |  stalls(>=1ms): 0 entries, 0 ms total (0% of wall)
        segments: 1 new segs, 0 ms total (0% of wall)  0.0 ms/seg
[MERGE] root=0 entries=100001  83 ms wall / 83 ms cpu  syscall=0%  1205709 entries/sec  0.83 us/entry  max=0.4 ms
        latency: <1us=84509  <10us=15464  <100us=23  <1ms=5  <10ms=0  >=10ms=0  |  stalls(>=1ms): 0 entries, 0 ms total (0% of wall)
        segments: 1 new segs, 0 ms total (0% of wall)  0.0 ms/seg
[MERGE] root=0 entries=100001  84 ms wall / 84 ms cpu  syscall=0%  1193661 entries/sec  0.84 us/entry  max=0.4 ms
        latency: <1us=84495  <10us=15484  <100us=17  <1ms=5  <10ms=0  >=10ms=0  |  stalls(>=1ms): 0 entries, 0 ms total (0% of wall)
        segments: 1 new segs, 0 ms total (0% of wall)  0.0 ms/seg
[MERGE] root=0 entries=100000  83 ms wall / 83 ms cpu  syscall=0%  1202921 entries/sec  0.83 us/entry  max=0.4 ms
        latency: <1us=84510  <10us=15474  <100us=12  <1ms=4  <10ms=0  >=10ms=0  |  stalls(>=1ms): 0 entries, 0 ms total (0% of wall)
        segments: 1 new segs, 0 ms total (0% of wall)  0.0 ms/seg
[MERGE] root=0 entries=100000  83 ms wall / 83 ms cpu  syscall=0%  1199003 entries/sec  0.83 us/entry  max=0.5 ms
        latency: <1us=84484  <10us=15492  <100us=20  <1ms=4  <10ms=0  >=10ms=0  |  stalls(>=1ms): 0 entries, 0 ms total (0% of wall)
        segments: 2 new segs, 0 ms total (0% of wall)  0.0 ms/seg
[MERGE] root=0 entries=100001  92 ms wall / 92 ms cpu  syscall=0%  1088705 entries/sec  0.92 us/entry  max=0.5 ms
        latency: <1us=84486  <10us=15484  <100us=26  <1ms=5  <10ms=0  >=10ms=0  |  stalls(>=1ms): 0 entries, 0 ms total (0% of wall)
        segments: 1 new segs, 0 ms total (0% of wall)  0.0 ms/seg
[MERGE] root=0 entries=100702  87 ms wall / 87 ms cpu  syscall=0%  1158980 entries/sec  0.86 us/entry  max=0.4 ms
        latency: <1us=85197  <10us=15482  <100us=20  <1ms=3  <10ms=0  >=10ms=0  |  stalls(>=1ms): 0 entries, 0 ms total (0% of wall)
        segments: 1 new segs, 0 ms total (0% of wall)  0.0 ms/seg
[MERGE] root=0 entries=100002  85 ms wall / 85 ms cpu  syscall=0%  1182931 entries/sec  0.85 us/entry  max=0.4 ms
        latency: <1us=84530  <10us=15455  <100us=12  <1ms=5  <10ms=0  >=10ms=0  |  stalls(>=1ms): 0 entries, 0 ms total (0% of wall)
        segments: 1 new segs, 0 ms total (0% of wall)  0.0 ms/seg
[MERGE] root=0 entries=100000  87 ms wall / 87 ms cpu  syscall=0%  1153352 entries/sec  0.87 us/entry  max=0.4 ms
        latency: <1us=84512  <10us=15468  <100us=17  <1ms=3  <10ms=0  >=10ms=0  |  stalls(>=1ms): 0 entries, 0 ms total (0% of wall)
        segments: 1 new segs, 0 ms total (0% of wall)  0.0 ms/seg
[MERGE] root=0 entries=100000  89 ms wall / 89 ms cpu  syscall=0%  1117854 entries/sec  0.89 us/entry  max=0.4 ms
        latency: <1us=84445  <10us=15528  <100us=23  <1ms=4  <10ms=0  >=10ms=0  |  stalls(>=1ms): 0 entries, 0 ms total (0% of wall)
        segments: 1 new segs, 0 ms total (0% of wall)  0.0 ms/seg
[MERGE] root=0 entries=100001  80 ms wall / 80 ms cpu  syscall=0%  1244672 entries/sec  0.80 us/entry  max=0.5 ms
        latency: <1us=84572  <10us=15415  <100us=9  <1ms=5  <10ms=0  >=10ms=0  |  stalls(>=1ms): 0 entries, 0 ms total (0% of wall)
        segments: 1 new segs, 0 ms total (0% of wall)  0.0 ms/seg
[MERGE] root=0 entries=100001  91 ms wall / 91 ms cpu  syscall=0%  1096099 entries/sec  0.91 us/entry  max=0.4 ms
        latency: <1us=84477  <10us=15497  <100us=22  <1ms=5  <10ms=0  >=10ms=0  |  stalls(>=1ms): 0 entries, 0 ms total (0% of wall)
        segments: 2 new segs, 0 ms total (0% of wall)  0.0 ms/seg
[MERGE] root=0 entries=100001  84 ms wall / 84 ms cpu  syscall=0%  1197495 entries/sec  0.84 us/entry  max=0.5 ms
        latency: <1us=84584  <10us=15384  <100us=29  <1ms=4  <10ms=0  >=10ms=0  |  stalls(>=1ms): 0 entries, 0 ms total (0% of wall)
        segments: 1 new segs, 0 ms total (0% of wall)  0.0 ms/seg
[MERGE] root=0 entries=100002  79 ms wall / 79 ms cpu  syscall=0%  1259221 entries/sec  0.79 us/entry  max=0.5 ms
        latency: <1us=84562  <10us=15421  <100us=15  <1ms=4  <10ms=0  >=10ms=0  |  stalls(>=1ms): 0 entries, 0 ms total (0% of wall)
        segments: 1 new segs, 0 ms total (0% of wall)  0.0 ms/seg
[MERGE] root=0 entries=100002  81 ms wall / 81 ms cpu  syscall=0%  1231299 entries/sec  0.81 us/entry  max=0.4 ms
        latency: <1us=84571  <10us=15421  <100us=5  <1ms=5  <10ms=0  >=10ms=0  |  stalls(>=1ms): 0 entries, 0 ms total (0% of wall)
        segments: 1 new segs, 0 ms total (0% of wall)  0.0 ms/seg
[MERGE] root=0 entries=100002  87 ms wall / 87 ms cpu  syscall=0%  1145232 entries/sec  0.87 us/entry  max=0.5 ms
        latency: <1us=84483  <10us=15492  <100us=22  <1ms=5  <10ms=0  >=10ms=0  |  stalls(>=1ms): 0 entries, 0 ms total (0% of wall)
        segments: 1 new segs, 0 ms total (0% of wall)  0.0 ms/seg
[MERGE] root=0 entries=100001  80 ms wall / 80 ms cpu  syscall=0%  1247444 entries/sec  0.80 us/entry  max=0.5 ms
        latency: <1us=84593  <10us=15394  <100us=10  <1ms=4  <10ms=0  >=10ms=0  |  stalls(>=1ms): 0 entries, 0 ms total (0% of wall)
        segments: 1 new segs, 0 ms total (0% of wall)  0.0 ms/seg
[MERGE] root=0 entries=100000  81 ms wall / 81 ms cpu  syscall=0%  1241592 entries/sec  0.81 us/entry  max=0.5 ms
        latency: <1us=84538  <10us=15438  <100us=19  <1ms=5  <10ms=0  >=10ms=0  |  stalls(>=1ms): 0 entries, 0 ms total (0% of wall)
        segments: 1 new segs, 0 ms total (0% of wall)  0.0 ms/seg
[MERGE] root=0 entries=100000  89 ms wall / 89 ms cpu  syscall=0%  1118329 entries/sec  0.89 us/entry  max=0.4 ms
        latency: <1us=84499  <10us=15474  <100us=22  <1ms=5  <10ms=0  >=10ms=0  |  stalls(>=1ms): 0 entries, 0 ms total (0% of wall)
        segments: 1 new segs, 0 ms total (0% of wall)  0.0 ms/seg
[MERGE] root=0 entries=100000  82 ms wall / 82 ms cpu  syscall=0%  1216340 entries/sec  0.82 us/entry  max=0.0 ms
        latency: <1us=84490  <10us=15496  <100us=14  <1ms=0  <10ms=0  >=10ms=0  |  stalls(>=1ms): 0 entries, 0 ms total (0% of wall)
        segments: 1 new segs, 0 ms total (0% of wall)  0.0 ms/seg
[MERGE] root=0 entries=100000  81 ms wall / 81 ms cpu  syscall=0%  1240065 entries/sec  0.81 us/entry  max=0.4 ms
        latency: <1us=84511  <10us=15471  <100us=13  <1ms=5  <10ms=0  >=10ms=0  |  stalls(>=1ms): 0 entries, 0 ms total (0% of wall)
        segments: 1 new segs, 0 ms total (0% of wall)  0.0 ms/seg
[MERGE] root=0 entries=100001  79 ms wall / 79 ms cpu  syscall=0%  1272003 entries/sec  0.79 us/entry  max=0.0 ms
        latency: <1us=84596  <10us=15388  <100us=17  <1ms=0  <10ms=0  >=10ms=0  |  stalls(>=1ms): 0 entries, 0 ms total (0% of wall)
        segments: 1 new segs, 0 ms total (0% of wall)  0.0 ms/seg
[MERGE] root=0 entries=100002  88 ms wall / 88 ms cpu  syscall=0%  1140308 entries/sec  0.88 us/entry  max=0.4 ms
        latency: <1us=84520  <10us=15455  <100us=23  <1ms=4  <10ms=0  >=10ms=0  |  stalls(>=1ms): 0 entries, 0 ms total (0% of wall)
        segments: 1 new segs, 0 ms total (0% of wall)  0.0 ms/seg
[MERGE] root=0 entries=100001  101 ms wall / 101 ms cpu  syscall=0%  990555 entries/sec  1.01 us/entry  max=0.2 ms
        latency: <1us=84387  <10us=15551  <100us=61  <1ms=2  <10ms=0  >=10ms=0  |  stalls(>=1ms): 0 entries, 0 ms total (0% of wall)
        segments: 1 new segs, 0 ms total (0% of wall)  0.0 ms/seg
[MERGE] root=0 entries=100002  79 ms wall / 79 ms cpu  syscall=0%  1270252 entries/sec  0.79 us/entry  max=0.0 ms
        latency: <1us=84552  <10us=15432  <100us=18  <1ms=0  <10ms=0  >=10ms=0  |  stalls(>=1ms): 0 entries, 0 ms total (0% of wall)
        segments: 1 new segs, 0 ms total (0% of wall)  0.0 ms/seg
[MERGE] root=0 entries=100002  85 ms wall / 85 ms cpu  syscall=0%  1171453 entries/sec  0.85 us/entry  max=0.4 ms
        latency: <1us=84482  <10us=15501  <100us=14  <1ms=5  <10ms=0  >=10ms=0  |  stalls(>=1ms): 0 entries, 0 ms total (0% of wall)
        segments: 1 new segs, 0 ms total (0% of wall)  0.0 ms/seg
[MERGE] root=0 entries=100002  81 ms wall / 81 ms cpu  syscall=0%  1231891 entries/sec  0.81 us/entry  max=0.0 ms
        latency: <1us=84659  <10us=15327  <100us=16  <1ms=0  <10ms=0  >=10ms=0  |  stalls(>=1ms): 0 entries, 0 ms total (0% of wall)
        segments: 1 new segs, 0 ms total (0% of wall)  0.0 ms/seg
[MERGE] root=0 entries=100001  85 ms wall / 85 ms cpu  syscall=0%  1177153 entries/sec  0.85 us/entry  max=0.0 ms
        latency: <1us=84507  <10us=15477  <100us=17  <1ms=0  <10ms=0  >=10ms=0  |  stalls(>=1ms): 0 entries, 0 ms total (0% of wall)
        segments: 1 new segs, 0 ms total (0% of wall)  0.0 ms/seg
[MERGE] root=0 entries=100000  78 ms wall / 78 ms cpu  syscall=0%  1282636 entries/sec  0.78 us/entry  max=0.0 ms
        latency: <1us=84554  <10us=15440  <100us=6  <1ms=0  <10ms=0  >=10ms=0  |  stalls(>=1ms): 0 entries, 0 ms total (0% of wall)
        segments: 1 new segs, 0 ms total (0% of wall)  0.0 ms/seg
[MERGE] root=0 entries=100001  89 ms wall / 89 ms cpu  syscall=0%  1125225 entries/sec  0.89 us/entry  max=0.0 ms
        latency: <1us=84443  <10us=15541  <100us=17  <1ms=0  <10ms=0  >=10ms=0  |  stalls(>=1ms): 0 entries, 0 ms total (0% of wall)
        segments: 1 new segs, 0 ms total (0% of wall)  0.0 ms/seg
[MERGE] root=0 entries=100002  84 ms wall / 84 ms cpu  syscall=0%  1192354 entries/sec  0.84 us/entry  max=0.0 ms
        latency: <1us=84463  <10us=15523  <100us=16  <1ms=0  <10ms=0  >=10ms=0  |  stalls(>=1ms): 0 entries, 0 ms total (0% of wall)
        segments: 1 new segs, 0 ms total (0% of wall)  0.0 ms/seg
[MERGE] root=0 entries=100002  89 ms wall / 89 ms cpu  syscall=0%  1127859 entries/sec  0.89 us/entry  max=0.2 ms
        latency: <1us=84434  <10us=15544  <100us=22  <1ms=2  <10ms=0  >=10ms=0  |  stalls(>=1ms): 0 entries, 0 ms total (0% of wall)
        segments: 1 new segs, 0 ms total (0% of wall)  0.0 ms/seg
[MERGE] root=0 entries=100002  91 ms wall / 91 ms cpu  syscall=0%  1099414 entries/sec  0.91 us/entry  max=0.4 ms
        latency: <1us=84351  <10us=15623  <100us=25  <1ms=3  <10ms=0  >=10ms=0  |  stalls(>=1ms): 0 entries, 0 ms total (0% of wall)
        segments: 1 new segs, 0 ms total (0% of wall)  0.0 ms/seg
[MERGE] root=0 entries=100001  88 ms wall / 88 ms cpu  syscall=0%  1140313 entries/sec  0.88 us/entry  max=0.5 ms
        latency: <1us=84440  <10us=15544  <100us=13  <1ms=4  <10ms=0  >=10ms=0  |  stalls(>=1ms): 0 entries, 0 ms total (0% of wall)
        segments: 1 new segs, 0 ms total (0% of wall)  0.0 ms/seg
[MERGE] root=0 entries=100000  95 ms wall / 95 ms cpu  syscall=0%  1056533 entries/sec  0.95 us/entry  max=0.0 ms
        latency: <1us=84161  <10us=15822  <100us=17  <1ms=0  <10ms=0  >=10ms=0  |  stalls(>=1ms): 0 entries, 0 ms total (0% of wall)
        segments: 1 new segs, 0 ms total (0% of wall)  0.0 ms/seg
[MERGE] root=0 entries=100002  78 ms wall / 78 ms cpu  syscall=0%  1281326 entries/sec  0.78 us/entry  max=0.1 ms
        latency: <1us=84583  <10us=15403  <100us=16  <1ms=0  <10ms=0  >=10ms=0  |  stalls(>=1ms): 0 entries, 0 ms total (0% of wall)
        segments: 1 new segs, 0 ms total (0% of wall)  0.0 ms/seg
[MERGE] root=0 entries=100001  96 ms wall / 96 ms cpu  syscall=0%  1046254 entries/sec  0.96 us/entry  max=0.0 ms
        latency: <1us=84311  <10us=15658  <100us=32  <1ms=0  <10ms=0  >=10ms=0  |  stalls(>=1ms): 0 entries, 0 ms total (0% of wall)
        segments: 1 new segs, 0 ms total (0% of wall)  0.0 ms/seg
  Bulk load                       0.415 sec       2,407,147 ops/sec
  Size: file=320.0 MB  live=28.7 MB  free=291.3 MB  reachable=28.7 MB

Warm-up: 100,000 transactions (not measured)
  Warm-up                         0.258 sec         387,607 ops/sec
  Successful: 97,020  Skipped: 2,980
  Size: file=416.0 MB  live=56.9 MB  free=359.1 MB  reachable=31.0 MB
  commit                avg=   0 us  p50=   1 us  p99=   2 us  p99.9=    4 us  max= 3512 us  (n=100000)
  commit latency distribution:
         <1 us:    90573  ( 90.6%)
        1-2 us:     9307  (  9.3%)
        2-4 us:       87  (  0.1%)
        4-8 us:       16  (  0.0%)
       8-16 us:        3  (  0.0%)
      16-32 us:        2  (  0.0%)
      32-64 us:        3  (  0.0%)
     64-128 us:        1  (  0.0%)
    128-256 us:        3  (  0.0%)
    256-512 us:        1  (  0.0%)
     512us-1ms:        3  (  0.0%)
       2-4 ms:        1  (  0.0%)

Phase 3a: Transactions (write-only)
  1,000,000 / 1,000,000  (427,735 tx/sec, 811,292 ok, 188,708 skip)
  Write-only                      2.338 sec         427,734 ops/sec
  Successful: 811,292  Skipped: 188,708
  Size: file=512.0 MB  live=76.7 MB  free=435.3 MB  reachable=62.3 MB
  commit                avg=   0 us  p50=   1 us  p99=   2 us  p99.9=    2 us  max= 1979 us  (n=1000000)
  commit latency distribution:
         <1 us:   903516  ( 90.4%)
        1-2 us:    95995  (  9.6%)
        2-4 us:      157  (  0.0%)
        4-8 us:      177  (  0.0%)
       8-16 us:       36  (  0.0%)
      16-32 us:       26  (  0.0%)
      32-64 us:       22  (  0.0%)
     64-128 us:       22  (  0.0%)
    128-256 us:       19  (  0.0%)
    256-512 us:        5  (  0.0%)
     512us-1ms:        1  (  0.0%)
       1-2 ms:       24  (  0.0%)

Phase 3b: Transactions (with 1 reader, 100 reads/batch)
  1,000,000 / 1,000,000  (349,289 tx/sec, 715,997 ok, 284,003 skip)
  Write+Read                      2.863 sec         349,274 ops/sec
  Successful: 715,997  Skipped: 284,003
  Reader: 4,145,500 reads in 2.863s (1,447,979 reads/sec, 4,145,500 found = 100.0%)
  Size: file=544.0 MB  live=101.6 MB  free=442.4 MB  reachable=91.2 MB
  commit                avg=   0 us  p50=   1 us  p99=   2 us  p99.9=    4 us  max= 1602 us  (n=1000000)
  commit latency distribution:
         <1 us:   573946  ( 57.4%)
        1-2 us:   424895  ( 42.5%)
        2-4 us:      242  (  0.0%)
        4-8 us:      764  (  0.1%)
       8-16 us:       47  (  0.0%)
      16-32 us:       22  (  0.0%)
      32-64 us:       25  (  0.0%)
     64-128 us:       17  (  0.0%)
    128-256 us:       15  (  0.0%)
    256-512 us:        6  (  0.0%)
       1-2 ms:       21  (  0.0%)

  --- Phase 3 Summary ---
  Write-only: 427,734 tx/sec
  Write+Read: 349,274 tx/sec  (write impact: -18.3%)
  Reader:     1,447,979 reads/sec

Phase 4: Validation
  Validation scan                 0.268 sec       9,420,141 ops/sec
  Accounts found: 1,000,000 (expected 1,000,000)
  Log entries:    1,527,289 (expected 1,527,289)
  Total balance:  1,000,000,000,000 (expected 1,000,000,000,000)  PASS
  Size: file=544.0 MB  live=121.3 MB  free=422.7 MB  reachable=93.8 MB

PASS  Total wall clock: 6.469 sec
