mdbx error 5 (Input/output error) at /home/dlarimer/arbtrie/programs/bank_bench.cpp:1129: mdbx_txn_commit(_txn)
mdbx error -30783 (MDBX_BAD_RSLOT: Invalid reuse of reader locktable slot, e.g. read-transaction already run for current thread) at /home/dlarimer/arbtrie/programs/bank_bench.cpp:1177: mdbx_txn_renew(_read_txn)
=== Bank Benchmark: MDBX ===
  Accounts:     1,000,000
  Transactions: 1,000,000
  Batch size:   1
  Sync every:   never commits
  Sync mode:    none
  Seed:         12345
  Read mode:    latest
  DB path:      /tmp/bench_bank_mdbx

Phase 1: Account Generation
  Loaded 104,334 dictionary words
  Account generation              0.061 sec      16,353,780 ops/sec

Phase 2: Bulk Load
  Bulk load                       0.487 sec       2,053,328 ops/sec
  Size: file=64.0 MB  live=36.4 MB  free=27.6 MB

Warm-up: 100,000 transactions (not measured)
  Warm-up                         7.649 sec          13,073 ops/sec
  Successful: 97,020  Skipped: 2,980
  Size: file=3776.0 MB  live=45.3 MB  free=3730.7 MB
  commit                avg=  20 us  p50=   8 us  p99=   8 us  p99.9=   16 us  max=173595 us  (n=100000)
  commit latency distribution:
         <1 us:     2854  (  2.9%)
        1-2 us:      126  (  0.1%)
        2-4 us:     2138  (  2.1%)
        4-8 us:    93945  ( 93.9%)
       8-16 us:      867  (  0.9%)
      16-32 us:       52  (  0.1%)
      32-64 us:        2  (  0.0%)
    256-512 us:        1  (  0.0%)
     16-32 ms:        1  (  0.0%)
     32-64 ms:        3  (  0.0%)
    64-128 ms:        4  (  0.0%)
    128-256ms:        7  (  0.0%)

Phase 3a: Transactions (write-only)
  1,000,000 / 1,000,000  (3,013 tx/sec, 811,292 ok, 188,708 skip)
  Write-only                    331.822 sec           3,013 ops/sec
  Successful: 811,292  Skipped: 188,708
  Size: file=37120.0 MB  live=110.9 MB  free=37009.1 MB
  commit                avg= 103 us  p50=   8 us  p99=   8 us  p99.9=   16 us  max=915534 us  (n=1000000)
  commit latency distribution:
         <1 us:   181043  ( 18.1%)
        1-2 us:     7654  (  0.8%)
        2-4 us:      113  (  0.0%)
        4-8 us:   802576  ( 80.3%)
       8-16 us:     7963  (  0.8%)
      16-32 us:      369  (  0.0%)
      32-64 us:      112  (  0.0%)
     64-128 us:        4  (  0.0%)
    128-256ms:        6  (  0.0%)
    256-512ms:       56  (  0.0%)
      512ms-1s:      104  (  0.0%)

Phase 3b: Transactions (with 1 reader, 100 reads/batch)
