=== Bank Benchmark: PsiTriRocks ===
  Accounts:     1,000,000
  Transactions: 1,000,000
  Batch size:   1
  Sync every:   never commits
  Sync mode:    none
  Seed:         12345
  Read mode:    latest
  DB path:      /tmp/bench_bank_psitrirocks

Phase 1: Account Generation
  Loaded 104,334 dictionary words
  Account generation              0.038 sec      25,982,146 ops/sec

Phase 2: Bulk Load
mapping.cpp:84             (null)     mapping               [33mOpened empty file: /tmp/bench_bank_psitrirocks/ptrs/header.bin[0m
mapping.cpp:132            (null)     resize                [33mResizing mapping: current=0, new=4120[0m
mapping.cpp:192            (null)     resize                [33mRemapped to new location: old_addr=0, new_addr=132025019555840, size=4120[0m
control_block_alloc.cpp:30  (null)     control_block_alloc   [1;31mfree_list.bit blocksize: 524288[0m
control_block_alloc.cpp:84  (null)     ensure_capacity       [33mgrowing control_block capacity: 0 [0m
allocator.cpp:126          (null)     cap_to_disk_space     [33mmax_database_size (32768 GB) exceeds filesystem capacity (60 GB) — capping[0m
mapping.cpp:84             (null)     mapping               [33mOpened empty file: /tmp/bench_bank_psitrirocks/header[0m
mapping.cpp:84             (null)     mapping               [33mOpened empty file: /tmp/bench_bank_psitrirocks/roots[0m
mapping.cpp:132            (null)     resize                [33mResizing mapping: current=0, new=93618176[0m
mapping.cpp:192            (null)     resize                [33mRemapped to new location: old_addr=0, new_addr=131924757282816, size=93618176[0m
mapping.cpp:132            (null)     resize                [33mResizing mapping: current=0, new=4096[0m
mapping.cpp:192            (null)     resize                [33mRemapped to new location: old_addr=0, new_addr=132025019551744, size=4096[0m
mapping.cpp:84             (null)     mapping               [33mOpened empty file: /tmp/bench_bank_psitrirocks/dbfile.bin[0m
mapping.cpp:132            (null)     resize                [33mResizing mapping: current=0, new=4160[0m
mapping.cpp:192            (null)     resize                [33mRemapped to new location: old_addr=0, new_addr=132025019543552, size=4160[0m
[MERGE] root=0 entries=100000  39 ms wall / 39 ms cpu  syscall=0%  2595839 entries/sec  0.39 us/entry  max=0.0 ms
        latency: <1us=98524  <10us=1473  <100us=3  <1ms=0  <10ms=0  >=10ms=0  |  stalls(>=1ms): 0 entries, 0 ms total (0% of wall)
        segments: 1 new segs, 0 ms total (0% of wall)  0.0 ms/seg
[MERGE] root=0 entries=130000  77 ms wall / 77 ms cpu  syscall=0%  1696192 entries/sec  0.59 us/entry  max=0.0 ms
        latency: <1us=125871  <10us=4126  <100us=3  <1ms=0  <10ms=0  >=10ms=0  |  stalls(>=1ms): 0 entries, 0 ms total (0% of wall)
        segments: 1 new segs, 0 ms total (0% of wall)  0.0 ms/seg
[MERGE] root=0 entries=230000  126 ms wall / 126 ms cpu  syscall=0%  1820481 entries/sec  0.55 us/entry  max=0.0 ms
        latency: <1us=222415  <10us=7578  <100us=7  <1ms=0  <10ms=0  >=10ms=0  |  stalls(>=1ms): 0 entries, 0 ms total (0% of wall)
        segments: 0 new segs, 0 ms total (0% of wall)  0.0 ms/seg
[MERGE] root=0 entries=320000  198 ms wall / 198 ms cpu  syscall=0%  1613503 entries/sec  0.62 us/entry  max=0.0 ms
        latency: <1us=308151  <10us=11843  <100us=6  <1ms=0  <10ms=0  >=10ms=0  |  stalls(>=1ms): 0 entries, 0 ms total (0% of wall)
        segments: 1 new segs, 0 ms total (0% of wall)  0.0 ms/seg
[MERGE] root=0 entries=292893  172 ms wall / 172 ms cpu  syscall=0%  1704936 entries/sec  0.59 us/entry  max=0.0 ms
        latency: <1us=277146  <10us=15744  <100us=3  <1ms=0  <10ms=0  >=10ms=0  |  stalls(>=1ms): 0 entries, 0 ms total (0% of wall)
        segments: 2 new segs, 0 ms total (0% of wall)  0.0 ms/seg
[MERGE] root=0 entries=164367  123 ms wall / 123 ms cpu  syscall=0%  1332615 entries/sec  0.75 us/entry  max=0.0 ms
        latency: <1us=147028  <10us=17317  <100us=22  <1ms=0  <10ms=0  >=10ms=0  |  stalls(>=1ms): 0 entries, 0 ms total (0% of wall)
        segments: 1 new segs, 0 ms total (0% of wall)  0.0 ms/seg
[MERGE] root=0 entries=109274  84 ms wall / 84 ms cpu  syscall=0%  1298425 entries/sec  0.77 us/entry  max=0.0 ms
        latency: <1us=93311  <10us=15954  <100us=9  <1ms=0  <10ms=0  >=10ms=0  |  stalls(>=1ms): 0 entries, 0 ms total (0% of wall)
        segments: 1 new segs, 0 ms total (0% of wall)  0.0 ms/seg
[MERGE] root=0 entries=100002  82 ms wall / 82 ms cpu  syscall=0%  1216776 entries/sec  0.82 us/entry  max=0.0 ms
        latency: <1us=84148  <10us=15847  <100us=7  <1ms=0  <10ms=0  >=10ms=0  |  stalls(>=1ms): 0 entries, 0 ms total (0% of wall)
        segments: 1 new segs, 0 ms total (0% of wall)  0.0 ms/seg
[MERGE] root=0 entries=100001  75 ms wall / 75 ms cpu  syscall=0%  1325148 entries/sec  0.75 us/entry  max=0.0 ms
        latency: <1us=84205  <10us=15787  <100us=9  <1ms=0  <10ms=0  >=10ms=0  |  stalls(>=1ms): 0 entries, 0 ms total (0% of wall)
        segments: 1 new segs, 0 ms total (0% of wall)  0.0 ms/seg
[MERGE] root=0 entries=100001  86 ms wall / 86 ms cpu  syscall=0%  1162677 entries/sec  0.86 us/entry  max=0.2 ms
        latency: <1us=84325  <10us=15648  <100us=26  <1ms=2  <10ms=0  >=10ms=0  |  stalls(>=1ms): 0 entries, 0 ms total (0% of wall)
        segments: 1 new segs, 0 ms total (0% of wall)  0.0 ms/seg
[MERGE] root=0 entries=100000  85 ms wall / 85 ms cpu  syscall=0%  1181838 entries/sec  0.85 us/entry  max=0.4 ms
        latency: <1us=84221  <10us=15749  <100us=27  <1ms=3  <10ms=0  >=10ms=0  |  stalls(>=1ms): 0 entries, 0 ms total (0% of wall)
        segments: 1 new segs, 0 ms total (0% of wall)  0.0 ms/seg
[MERGE] root=0 entries=100000  84 ms wall / 84 ms cpu  syscall=0%  1191980 entries/sec  0.84 us/entry  max=0.4 ms
        latency: <1us=84261  <10us=15715  <100us=22  <1ms=2  <10ms=0  >=10ms=0  |  stalls(>=1ms): 0 entries, 0 ms total (0% of wall)
        segments: 1 new segs, 0 ms total (0% of wall)  0.0 ms/seg
[MERGE] root=0 entries=100000  76 ms wall / 76 ms cpu  syscall=0%  1312158 entries/sec  0.76 us/entry  max=0.0 ms
        latency: <1us=84456  <10us=15534  <100us=10  <1ms=0  <10ms=0  >=10ms=0  |  stalls(>=1ms): 0 entries, 0 ms total (0% of wall)
        segments: 1 new segs, 0 ms total (0% of wall)  0.0 ms/seg
[MERGE] root=0 entries=100000  87 ms wall / 87 ms cpu  syscall=0%  1143050 entries/sec  0.87 us/entry  max=0.4 ms
        latency: <1us=84172  <10us=15797  <100us=27  <1ms=4  <10ms=0  >=10ms=0  |  stalls(>=1ms): 0 entries, 0 ms total (0% of wall)
        segments: 1 new segs, 0 ms total (0% of wall)  0.0 ms/seg
[MERGE] root=0 entries=100001  97 ms wall / 97 ms cpu  syscall=0%  1032881 entries/sec  0.97 us/entry  max=0.3 ms
        latency: <1us=84225  <10us=15729  <100us=45  <1ms=2  <10ms=0  >=10ms=0  |  stalls(>=1ms): 0 entries, 0 ms total (0% of wall)
        segments: 1 new segs, 0 ms total (0% of wall)  0.0 ms/seg
[MERGE] root=0 entries=100000  90 ms wall / 90 ms cpu  syscall=0%  1108056 entries/sec  0.90 us/entry  max=0.4 ms
        latency: <1us=84139  <10us=15829  <100us=28  <1ms=4  <10ms=0  >=10ms=0  |  stalls(>=1ms): 0 entries, 0 ms total (0% of wall)
        segments: 1 new segs, 0 ms total (0% of wall)  0.0 ms/seg
[MERGE] root=0 entries=100000  91 ms wall / 91 ms cpu  syscall=0%  1095426 entries/sec  0.91 us/entry  max=0.3 ms
        latency: <1us=84283  <10us=15677  <100us=37  <1ms=3  <10ms=0  >=10ms=0  |  stalls(>=1ms): 0 entries, 0 ms total (0% of wall)
        segments: 1 new segs, 0 ms total (0% of wall)  0.0 ms/seg
[MERGE] root=0 entries=100002  89 ms wall / 89 ms cpu  syscall=0%  1120353 entries/sec  0.89 us/entry  max=0.5 ms
        latency: <1us=84260  <10us=15710  <100us=27  <1ms=5  <10ms=0  >=10ms=0  |  stalls(>=1ms): 0 entries, 0 ms total (0% of wall)
        segments: 1 new segs, 0 ms total (0% of wall)  0.0 ms/seg
[MERGE] root=0 entries=100002  93 ms wall / 93 ms cpu  syscall=0%  1079046 entries/sec  0.93 us/entry  max=0.0 ms
        latency: <1us=84234  <10us=15727  <100us=41  <1ms=0  <10ms=0  >=10ms=0  |  stalls(>=1ms): 0 entries, 0 ms total (0% of wall)
        segments: 1 new segs, 0 ms total (0% of wall)  0.0 ms/seg
[MERGE] root=0 entries=100000  82 ms wall / 82 ms cpu  syscall=0%  1224386 entries/sec  0.82 us/entry  max=0.5 ms
        latency: <1us=84282  <10us=15688  <100us=25  <1ms=5  <10ms=0  >=10ms=0  |  stalls(>=1ms): 0 entries, 0 ms total (0% of wall)
        segments: 1 new segs, 0 ms total (0% of wall)  0.0 ms/seg
[MERGE] root=0 entries=100001  89 ms wall / 89 ms cpu  syscall=0%  1126971 entries/sec  0.89 us/entry  max=0.5 ms
        latency: <1us=84210  <10us=15750  <100us=36  <1ms=5  <10ms=0  >=10ms=0  |  stalls(>=1ms): 0 entries, 0 ms total (0% of wall)
        segments: 1 new segs, 0 ms total (0% of wall)  0.0 ms/seg
[MERGE] root=0 entries=100000  87 ms wall / 87 ms cpu  syscall=0%  1149044 entries/sec  0.87 us/entry  max=0.5 ms
        latency: <1us=84312  <10us=15653  <100us=31  <1ms=4  <10ms=0  >=10ms=0  |  stalls(>=1ms): 0 entries, 0 ms total (0% of wall)
        segments: 1 new segs, 0 ms total (0% of wall)  0.0 ms/seg
[MERGE] root=0 entries=100002  99 ms wall / 99 ms cpu  syscall=0%  1005798 entries/sec  0.99 us/entry  max=0.5 ms
        latency: <1us=84134  <10us=15811  <100us=53  <1ms=4  <10ms=0  >=10ms=0  |  stalls(>=1ms): 0 entries, 0 ms total (0% of wall)
        segments: 1 new segs, 0 ms total (0% of wall)  0.0 ms/seg
[MERGE] root=0 entries=100000  89 ms wall / 89 ms cpu  syscall=0%  1119524 entries/sec  0.89 us/entry  max=0.5 ms
        latency: <1us=84164  <10us=15806  <100us=25  <1ms=5  <10ms=0  >=10ms=0  |  stalls(>=1ms): 0 entries, 0 ms total (0% of wall)
        segments: 1 new segs, 0 ms total (0% of wall)  0.0 ms/seg
[MERGE] root=0 entries=100000  87 ms wall / 87 ms cpu  syscall=0%  1143161 entries/sec  0.87 us/entry  max=0.5 ms
        latency: <1us=84251  <10us=15709  <100us=35  <1ms=5  <10ms=0  >=10ms=0  |  stalls(>=1ms): 0 entries, 0 ms total (0% of wall)
        segments: 1 new segs, 0 ms total (0% of wall)  0.0 ms/seg
[MERGE] root=0 entries=100000  85 ms wall / 85 ms cpu  syscall=0%  1180258 entries/sec  0.85 us/entry  max=0.5 ms
        latency: <1us=84237  <10us=15736  <100us=23  <1ms=4  <10ms=0  >=10ms=0  |  stalls(>=1ms): 0 entries, 0 ms total (0% of wall)
        segments: 1 new segs, 0 ms total (0% of wall)  0.0 ms/seg
[MERGE] root=0 entries=100002  95 ms wall / 95 ms cpu  syscall=0%  1052769 entries/sec  0.95 us/entry  max=0.5 ms
        latency: <1us=84183  <10us=15759  <100us=55  <1ms=5  <10ms=0  >=10ms=0  |  stalls(>=1ms): 0 entries, 0 ms total (0% of wall)
        segments: 1 new segs, 0 ms total (0% of wall)  0.0 ms/seg
[MERGE] root=0 entries=100002  84 ms wall / 84 ms cpu  syscall=0%  1194312 entries/sec  0.84 us/entry  max=0.5 ms
        latency: <1us=84252  <10us=15716  <100us=29  <1ms=5  <10ms=0  >=10ms=0  |  stalls(>=1ms): 0 entries, 0 ms total (0% of wall)
        segments: 1 new segs, 0 ms total (0% of wall)  0.0 ms/seg
[MERGE] root=0 entries=100001  92 ms wall / 92 ms cpu  syscall=0%  1082823 entries/sec  0.92 us/entry  max=0.5 ms
        latency: <1us=84226  <10us=15725  <100us=45  <1ms=5  <10ms=0  >=10ms=0  |  stalls(>=1ms): 0 entries, 0 ms total (0% of wall)
        segments: 1 new segs, 0 ms total (0% of wall)  0.0 ms/seg
[MERGE] root=0 entries=100001  94 ms wall / 94 ms cpu  syscall=0%  1060289 entries/sec  0.94 us/entry  max=0.5 ms
        latency: <1us=84058  <10us=15916  <100us=22  <1ms=5  <10ms=0  >=10ms=0  |  stalls(>=1ms): 0 entries, 0 ms total (0% of wall)
        segments: 1 new segs, 0 ms total (0% of wall)  0.0 ms/seg
[MERGE] root=0 entries=100001  91 ms wall / 91 ms cpu  syscall=0%  1094963 entries/sec  0.91 us/entry  max=0.1 ms
        latency: <1us=84236  <10us=15738  <100us=27  <1ms=0  <10ms=0  >=10ms=0  |  stalls(>=1ms): 0 entries, 0 ms total (0% of wall)
        segments: 1 new segs, 0 ms total (0% of wall)  0.0 ms/seg
[MERGE] root=0 entries=100002  83 ms wall / 83 ms cpu  syscall=0%  1208754 entries/sec  0.83 us/entry  max=0.5 ms
        latency: <1us=84159  <10us=15827  <100us=12  <1ms=4  <10ms=0  >=10ms=0  |  stalls(>=1ms): 0 entries, 0 ms total (0% of wall)
        segments: 1 new segs, 0 ms total (0% of wall)  0.0 ms/seg
[MERGE] root=0 entries=100001  76 ms wall / 76 ms cpu  syscall=0%  1320780 entries/sec  0.76 us/entry  max=0.0 ms
        latency: <1us=84352  <10us=15636  <100us=13  <1ms=0  <10ms=0  >=10ms=0  |  stalls(>=1ms): 0 entries, 0 ms total (0% of wall)
        segments: 1 new segs, 0 ms total (0% of wall)  0.0 ms/seg
[MERGE] root=0 entries=100000  88 ms wall / 88 ms cpu  syscall=0%  1133098 entries/sec  0.88 us/entry  max=0.5 ms
        latency: <1us=84025  <10us=15949  <100us=21  <1ms=5  <10ms=0  >=10ms=0  |  stalls(>=1ms): 0 entries, 0 ms total (0% of wall)
        segments: 1 new segs, 0 ms total (0% of wall)  0.0 ms/seg
[MERGE] root=0 entries=100000  76 ms wall / 76 ms cpu  syscall=0%  1310847 entries/sec  0.76 us/entry  max=0.0 ms
        latency: <1us=84335  <10us=15659  <100us=6  <1ms=0  <10ms=0  >=10ms=0  |  stalls(>=1ms): 0 entries, 0 ms total (0% of wall)
        segments: 1 new segs, 0 ms total (0% of wall)  0.0 ms/seg
[MERGE] root=0 entries=100000  79 ms wall / 79 ms cpu  syscall=0%  1261332 entries/sec  0.79 us/entry  max=0.5 ms
        latency: <1us=84289  <10us=15689  <100us=17  <1ms=5  <10ms=0  >=10ms=0  |  stalls(>=1ms): 0 entries, 0 ms total (0% of wall)
        segments: 1 new segs, 0 ms total (0% of wall)  0.0 ms/seg
[MERGE] root=0 entries=100000  80 ms wall / 80 ms cpu  syscall=0%  1255064 entries/sec  0.80 us/entry  max=0.4 ms
        latency: <1us=84291  <10us=15692  <100us=12  <1ms=5  <10ms=0  >=10ms=0  |  stalls(>=1ms): 0 entries, 0 ms total (0% of wall)
        segments: 1 new segs, 0 ms total (0% of wall)  0.0 ms/seg
[MERGE] root=0 entries=100001  87 ms wall / 87 ms cpu  syscall=0%  1147245 entries/sec  0.87 us/entry  max=0.5 ms
        latency: <1us=84172  <10us=15806  <100us=19  <1ms=4  <10ms=0  >=10ms=0  |  stalls(>=1ms): 0 entries, 0 ms total (0% of wall)
        segments: 1 new segs, 0 ms total (0% of wall)  0.0 ms/seg
[MERGE] root=0 entries=100001  80 ms wall / 80 ms cpu  syscall=0%  1256844 entries/sec  0.80 us/entry  max=0.4 ms
        latency: <1us=84305  <10us=15679  <100us=12  <1ms=5  <10ms=0  >=10ms=0  |  stalls(>=1ms): 0 entries, 0 ms total (0% of wall)
        segments: 1 new segs, 0 ms total (0% of wall)  0.0 ms/seg
[MERGE] root=0 entries=100000  85 ms wall / 85 ms cpu  syscall=0%  1179712 entries/sec  0.85 us/entry  max=0.5 ms
        latency: <1us=84093  <10us=15883  <100us=20  <1ms=4  <10ms=0  >=10ms=0  |  stalls(>=1ms): 0 entries, 0 ms total (0% of wall)
        segments: 1 new segs, 0 ms total (0% of wall)  0.0 ms/seg
[MERGE] root=0 entries=100000  79 ms wall / 79 ms cpu  syscall=0%  1258972 entries/sec  0.79 us/entry  max=0.4 ms
        latency: <1us=84279  <10us=15710  <100us=6  <1ms=5  <10ms=0  >=10ms=0  |  stalls(>=1ms): 0 entries, 0 ms total (0% of wall)
        segments: 1 new segs, 0 ms total (0% of wall)  0.0 ms/seg
[MERGE] root=0 entries=100002  83 ms wall / 83 ms cpu  syscall=0%  1205987 entries/sec  0.83 us/entry  max=0.5 ms
        latency: <1us=84136  <10us=15848  <100us=13  <1ms=5  <10ms=0  >=10ms=0  |  stalls(>=1ms): 0 entries, 0 ms total (0% of wall)
        segments: 1 new segs, 0 ms total (0% of wall)  0.0 ms/seg
[MERGE] root=0 entries=100000  77 ms wall / 77 ms cpu  syscall=0%  1297450 entries/sec  0.77 us/entry  max=0.4 ms
        latency: <1us=84313  <10us=15667  <100us=16  <1ms=4  <10ms=0  >=10ms=0  |  stalls(>=1ms): 0 entries, 0 ms total (0% of wall)
        segments: 1 new segs, 0 ms total (0% of wall)  0.0 ms/seg
[MERGE] root=0 entries=100001  90 ms wall / 90 ms cpu  syscall=0%  1108070 entries/sec  0.90 us/entry  max=0.0 ms
        latency: <1us=83880  <10us=16109  <100us=12  <1ms=0  <10ms=0  >=10ms=0  |  stalls(>=1ms): 0 entries, 0 ms total (0% of wall)
        segments: 1 new segs, 0 ms total (0% of wall)  0.0 ms/seg
[MERGE] root=0 entries=100000  84 ms wall / 84 ms cpu  syscall=0%  1197052 entries/sec  0.84 us/entry  max=0.4 ms
        latency: <1us=84245  <10us=15739  <100us=12  <1ms=4  <10ms=0  >=10ms=0  |  stalls(>=1ms): 0 entries, 0 ms total (0% of wall)
        segments: 1 new segs, 0 ms total (0% of wall)  0.0 ms/seg
[MERGE] root=0 entries=100001  85 ms wall / 85 ms cpu  syscall=0%  1182576 entries/sec  0.85 us/entry  max=0.0 ms
        latency: <1us=84165  <10us=15820  <100us=16  <1ms=0  <10ms=0  >=10ms=0  |  stalls(>=1ms): 0 entries, 0 ms total (0% of wall)
        segments: 1 new segs, 0 ms total (0% of wall)  0.0 ms/seg
[MERGE] root=0 entries=100002  83 ms wall / 83 ms cpu  syscall=0%  1200925 entries/sec  0.83 us/entry  max=0.4 ms
        latency: <1us=84264  <10us=15714  <100us=19  <1ms=5  <10ms=0  >=10ms=0  |  stalls(>=1ms): 0 entries, 0 ms total (0% of wall)
        segments: 1 new segs, 0 ms total (0% of wall)  0.0 ms/seg
[MERGE] root=0 entries=100000  82 ms wall / 82 ms cpu  syscall=0%  1223615 entries/sec  0.82 us/entry  max=0.0 ms
        latency: <1us=84232  <10us=15755  <100us=13  <1ms=0  <10ms=0  >=10ms=0  |  stalls(>=1ms): 0 entries, 0 ms total (0% of wall)
        segments: 1 new segs, 0 ms total (0% of wall)  0.0 ms/seg
[MERGE] root=0 entries=100002  79 ms wall / 79 ms cpu  syscall=0%  1265243 entries/sec  0.79 us/entry  max=0.4 ms
        latency: <1us=84236  <10us=15743  <100us=18  <1ms=5  <10ms=0  >=10ms=0  |  stalls(>=1ms): 0 entries, 0 ms total (0% of wall)
        segments: 1 new segs, 0 ms total (0% of wall)  0.0 ms/seg
[MERGE] root=0 entries=100001  86 ms wall / 86 ms cpu  syscall=0%  1165511 entries/sec  0.86 us/entry  max=0.1 ms
        latency: <1us=84278  <10us=15707  <100us=16  <1ms=0  <10ms=0  >=10ms=0  |  stalls(>=1ms): 0 entries, 0 ms total (0% of wall)
        segments: 1 new segs, 0 ms total (0% of wall)  0.0 ms/seg
  Bulk load                       0.427 sec       2,342,670 ops/sec
  Size: file=448.8 MB  live=25.0 MB  free=423.8 MB  reachable=14.9 MB

Warm-up: 100,000 transactions (not measured)
  Warm-up                         0.319 sec         313,107 ops/sec
  Successful: 97,020  Skipped: 2,980
  Size: file=544.6 MB  live=33.0 MB  free=511.6 MB  reachable=23.1 MB
  commit                avg=   0 us  p50=   2 us  p99=   4 us  p99.9=    8 us  max= 2672 us  (n=100000)
  commit latency distribution:
         <1 us:    33539  ( 33.5%)
        1-2 us:    63854  ( 63.9%)
        2-4 us:     2427  (  2.4%)
        4-8 us:      155  (  0.2%)
       8-16 us:        9  (  0.0%)
      16-32 us:        3  (  0.0%)
      32-64 us:        4  (  0.0%)
     64-128 us:        4  (  0.0%)
    128-256 us:        2  (  0.0%)
    256-512 us:        1  (  0.0%)
       2-4 ms:        2  (  0.0%)

Phase 3a: Transactions (write-only)
  1,000,000 / 1,000,000  (369,446 tx/sec, 811,292 ok, 188,708 skip)
  Write-only                      2.707 sec         369,446 ops/sec
  Successful: 811,292  Skipped: 188,708
  Size: file=569.8 MB  live=63.7 MB  free=506.1 MB  reachable=63.7 MB
  commit                avg=   0 us  p50=   2 us  p99=   4 us  p99.9=    8 us  max= 2055 us  (n=1000000)
  commit latency distribution:
         <1 us:   458973  ( 45.9%)
        1-2 us:   528734  ( 52.9%)
        2-4 us:    10830  (  1.1%)
        4-8 us:     1163  (  0.1%)
       8-16 us:       88  (  0.0%)
      16-32 us:       59  (  0.0%)
      32-64 us:       44  (  0.0%)
     64-128 us:       36  (  0.0%)
    128-256 us:       34  (  0.0%)
    256-512 us:       13  (  0.0%)
     512us-1ms:        4  (  0.0%)
       1-2 ms:       21  (  0.0%)
       2-4 ms:        1  (  0.0%)

Phase 3b: Transactions (with 1 reader, 100 reads/batch)
  1,000,000 / 1,000,000  (349,633 tx/sec, 715,997 ok, 284,003 skip)
  Write+Read                      2.860 sec         349,623 ops/sec
  Successful: 715,997  Skipped: 284,003
  Reader: 4,051,800 reads in 2.860s (1,416,652 reads/sec, 4,051,800 found = 100.0%)
  Size: file=601.8 MB  live=89.7 MB  free=512.1 MB  reachable=89.7 MB
  commit                avg=   0 us  p50=   2 us  p99=   2 us  p99.9=    8 us  max= 1654 us  (n=1000000)
  commit latency distribution:
         <1 us:   485930  ( 48.6%)
        1-2 us:   504402  ( 50.4%)
        2-4 us:     8428  (  0.8%)
        4-8 us:      999  (  0.1%)
       8-16 us:       82  (  0.0%)
      16-32 us:       38  (  0.0%)
      32-64 us:       33  (  0.0%)
     64-128 us:       33  (  0.0%)
    128-256 us:       29  (  0.0%)
    256-512 us:        5  (  0.0%)
       1-2 ms:       21  (  0.0%)

  --- Phase 3 Summary ---
  Write-only: 369,446 tx/sec
  Write+Read: 349,623 tx/sec  (write impact: -5.4%)
  Reader:     1,416,652 reads/sec

Phase 4: Validation
  Validation scan                 0.251 sec      10,049,032 ops/sec
  Accounts found: 1,000,000 (expected 1,000,000)
  Log entries:    1,527,289 (expected 1,527,289)
  Total balance:  1,000,000,000,000 (expected 1,000,000,000,000)  PASS
  Size: file=601.8 MB  live=89.7 MB  free=512.1 MB  reachable=89.7 MB

PASS  Total wall clock: 6.832 sec
