rocksdb-scale-benchmark: db=./rocksdb_benchdb
rounds=200 items=1,000,000 batch=100 value_size=256

---------------------  dense random insert  --------------------------------------------------
rounds: 200  items: 1,000,000 batch: 100
-----------------------------------------------------------------------
0       1,000,000     1,461,086  inserts/sec
1       2,000,000     1,372,067  inserts/sec
2       3,000,000     1,501,735  inserts/sec
3       4,000,000     1,383,179  inserts/sec
4       5,000,000     1,108,574  inserts/sec
5       6,000,000     1,198,488  inserts/sec
6       7,000,000     1,191,764  inserts/sec
7       8,000,000     1,160,324  inserts/sec
8       9,000,000     1,214,899  inserts/sec
9      10,000,000     1,540,198  inserts/sec
10     11,000,000     1,167,325  inserts/sec
11     12,000,000     1,286,505  inserts/sec
12     13,000,000     1,169,171  inserts/sec
13     14,000,000     1,120,338  inserts/sec
14     15,000,000     1,190,163  inserts/sec
15     16,000,000       612,647  inserts/sec
16     17,000,000     1,343,502  inserts/sec
17     18,000,000       405,136  inserts/sec
18     19,000,000     1,301,736  inserts/sec
19     20,000,000     1,436,570  inserts/sec
20     21,000,000       335,866  inserts/sec
21     22,000,000     1,215,170  inserts/sec
22     23,000,000     1,213,293  inserts/sec
23     24,000,000     1,108,014  inserts/sec
24     25,000,000     1,263,947  inserts/sec
25     26,000,000     1,165,225  inserts/sec
26     27,000,000     1,190,582  inserts/sec
27     28,000,000     1,281,968  inserts/sec
28     29,000,000     1,227,837  inserts/sec
29     30,000,000       490,321  inserts/sec
30     31,000,000     1,275,843  inserts/sec
31     32,000,000     1,157,940  inserts/sec
32     33,000,000       690,406  inserts/sec
33     34,000,000     1,128,664  inserts/sec
34     35,000,000       398,097  inserts/sec
35     36,000,000     1,183,882  inserts/sec
36     37,000,000       317,601  inserts/sec
37     38,000,000     1,341,167  inserts/sec
38     39,000,000     1,447,703  inserts/sec
39     40,000,000       251,114  inserts/sec
40     41,000,000     1,468,336  inserts/sec
41     42,000,000     1,409,979  inserts/sec
42     43,000,000       233,953  inserts/sec
43     44,000,000     1,622,951  inserts/sec
44     45,000,000     1,474,222  inserts/sec
45     46,000,000       197,535  inserts/sec
46     47,000,000     1,149,987  inserts/sec
47     48,000,000     1,156,826  inserts/sec
48     49,000,000       221,782  inserts/sec
49     50,000,000     1,313,388  inserts/sec
50     51,000,000     1,260,867  inserts/sec
51     52,000,000     1,344,343  inserts/sec
52     53,000,000       207,939  inserts/sec
53     54,000,000     1,580,903  inserts/sec
54     55,000,000     1,532,790  inserts/sec
55     56,000,000       186,866  inserts/sec
56     57,000,000     1,143,033  inserts/sec
57     58,000,000     1,157,525  inserts/sec
58     59,000,000     1,179,209  inserts/sec
59     60,000,000       226,087  inserts/sec
60     61,000,000     1,121,285  inserts/sec
61     62,000,000     1,131,350  inserts/sec
62     63,000,000       219,611  inserts/sec
63     64,000,000     1,058,821  inserts/sec
64     65,000,000     1,085,398  inserts/sec
65     66,000,000     1,357,291  inserts/sec
66     67,000,000       224,016  inserts/sec
67     68,000,000     1,480,720  inserts/sec
68     69,000,000     1,460,608  inserts/sec
69     70,000,000       194,812  inserts/sec
70     71,000,000     1,119,020  inserts/sec
71     72,000,000     1,363,678  inserts/sec
72     73,000,000       193,347  inserts/sec
73     74,000,000     1,392,700  inserts/sec
74     75,000,000     1,327,956  inserts/sec
75     76,000,000       169,694  inserts/sec
76     77,000,000     1,392,496  inserts/sec
77     78,000,000     1,219,533  inserts/sec
78     79,000,000     1,269,558  inserts/sec
79     80,000,000       165,264  inserts/sec
80     81,000,000     1,142,881  inserts/sec
81     82,000,000     1,313,130  inserts/sec
82     83,000,000       160,640  inserts/sec
83     84,000,000     1,151,282  inserts/sec
84     85,000,000     1,089,847  inserts/sec
85     86,000,000     1,399,981  inserts/sec
86     87,000,000       158,958  inserts/sec
87     88,000,000     1,320,643  inserts/sec
88     89,000,000     1,293,561  inserts/sec
89     90,000,000     1,417,956  inserts/sec
90     91,000,000       154,107  inserts/sec
91     92,000,000     1,437,240  inserts/sec
92     93,000,000     1,497,795  inserts/sec
93     94,000,000       111,090  inserts/sec
94     95,000,000       743,848  inserts/sec
95     96,000,000       720,104  inserts/sec
96     97,000,000       641,905  inserts/sec
97     98,000,000        91,526  inserts/sec
98     99,000,000       685,006  inserts/sec
99    100,000,000       688,159  inserts/sec
100   101,000,000       669,735  inserts/sec
101   102,000,000       121,654  inserts/sec
102   103,000,000     1,227,180  inserts/sec
103   104,000,000     1,208,670  inserts/sec
104   105,000,000       158,274  inserts/sec
105   106,000,000       573,178  inserts/sec
106   107,000,000     1,287,599  inserts/sec
107   108,000,000     1,201,641  inserts/sec
108   109,000,000       124,967  inserts/sec
109   110,000,000     1,138,727  inserts/sec
110   111,000,000       830,604  inserts/sec
111   112,000,000       754,004  inserts/sec
112   113,000,000       100,347  inserts/sec
113   114,000,000     1,168,121  inserts/sec
114   115,000,000     1,116,429  inserts/sec
115   116,000,000     1,065,962  inserts/sec
116   117,000,000       107,051  inserts/sec
117   118,000,000       731,884  inserts/sec
118   119,000,000       758,138  inserts/sec
119   120,000,000       684,172  inserts/sec
120   121,000,000        87,733  inserts/sec
121   122,000,000       673,443  inserts/sec
122   123,000,000       612,824  inserts/sec
123   124,000,000       660,113  inserts/sec
124   125,000,000        85,161  inserts/sec
125   126,000,000       404,475  inserts/sec
126   127,000,000       325,750  inserts/sec
127   128,000,000        89,486  inserts/sec
128   129,000,000       214,542  inserts/sec
129   130,000,000       687,163  inserts/sec
130   131,000,000       474,109  inserts/sec
131   132,000,000       191,331  inserts/sec
132   133,000,000       301,688  inserts/sec
133   134,000,000       338,941  inserts/sec
134   135,000,000       216,708  inserts/sec
135   136,000,000       433,877  inserts/sec
136   137,000,000       307,659  inserts/sec
137   138,000,000       241,412  inserts/sec
138   139,000,000       203,113  inserts/sec
139   140,000,000       356,923  inserts/sec
140   141,000,000       461,691  inserts/sec
141   142,000,000       188,461  inserts/sec
142   143,000,000       285,326  inserts/sec
143   144,000,000       704,363  inserts/sec
144   145,000,000       173,592  inserts/sec
145   146,000,000       173,217  inserts/sec
146   147,000,000       199,526  inserts/sec
147   148,000,000       302,160  inserts/sec
148   149,000,000       213,984  inserts/sec
149   150,000,000       276,253  inserts/sec
150   151,000,000       174,522  inserts/sec
151   152,000,000       279,708  inserts/sec
152   153,000,000       178,251  inserts/sec
153   154,000,000       276,857  inserts/sec
154   155,000,000       203,903  inserts/sec
155   156,000,000       225,274  inserts/sec
156   157,000,000       255,496  inserts/sec
157   158,000,000       205,860  inserts/sec
158   159,000,000       236,479  inserts/sec
159   160,000,000       129,612  inserts/sec
160   161,000,000       748,963  inserts/sec
161   162,000,000       439,884  inserts/sec
162   163,000,000       273,585  inserts/sec
163   164,000,000       656,104  inserts/sec
164   165,000,000       167,402  inserts/sec
165   166,000,000       608,344  inserts/sec
166   167,000,000       221,954  inserts/sec
167   168,000,000       169,021  inserts/sec
168   169,000,000       208,601  inserts/sec
169   170,000,000       201,474  inserts/sec
170   171,000,000       710,114  inserts/sec
171   172,000,000       190,988  inserts/sec
172   173,000,000       333,831  inserts/sec
173   174,000,000       188,935  inserts/sec
174   175,000,000       172,825  inserts/sec
175   176,000,000       271,310  inserts/sec
176   177,000,000     1,037,594  inserts/sec
177   178,000,000       307,593  inserts/sec
178   179,000,000       228,537  inserts/sec
179   180,000,000       343,457  inserts/sec
180   181,000,000       406,324  inserts/sec
181   182,000,000       256,434  inserts/sec
182   183,000,000     1,396,397  inserts/sec
183   184,000,000       230,288  inserts/sec
184   185,000,000       484,532  inserts/sec
185   186,000,000       296,263  inserts/sec
186   187,000,000       470,921  inserts/sec
187   188,000,000       344,030  inserts/sec
188   189,000,000       307,404  inserts/sec
189   190,000,000       324,366  inserts/sec
190   191,000,000       350,647  inserts/sec
191   192,000,000       324,171  inserts/sec
192   193,000,000       243,204  inserts/sec
193   194,000,000       331,685  inserts/sec
194   195,000,000       420,380  inserts/sec
195   196,000,000       330,125  inserts/sec
196   197,000,000       367,431  inserts/sec
197   198,000,000       305,216  inserts/sec
198   199,000,000       368,247  inserts/sec
199   200,000,000       361,633  inserts/sec

DB size on disk: 51.50 GB

done.
