mdbx-benchmark: db=./mdbxdb
rounds=200 items=1,000,000 batch=100 value_size=256 sync=none

---------------------  dense random upsert  --------------------------------------------------
rounds: 200  items: 1,000,000 batch: 100
-----------------------------------------------------------------------
0       1,000,000       471,055  upserts/sec
1       2,000,000       399,303  upserts/sec
2       3,000,000       372,796  upserts/sec
3       4,000,000       361,580  upserts/sec
4       5,000,000       347,652  upserts/sec
5       6,000,000       336,293  upserts/sec
6       7,000,000       333,126  upserts/sec
7       8,000,000       324,667  upserts/sec
8       9,000,000       306,277  upserts/sec
9      10,000,000       262,089  upserts/sec
10     11,000,000       225,844  upserts/sec
11     12,000,000       192,353  upserts/sec
12     13,000,000       162,650  upserts/sec
13     14,000,000       281,652  upserts/sec
14     15,000,000       274,781  upserts/sec
15     16,000,000       280,899  upserts/sec
16     17,000,000       274,649  upserts/sec
17     18,000,000       267,123  upserts/sec
18     19,000,000       247,892  upserts/sec
19     20,000,000       213,439  upserts/sec
mdbx error -30792 (MDBX_MAP_FULL: Environment mapsize limit reached) at /home/dlarimer/arbtrie/programs/mdbx_bench.cpp:282: mdbx_put(txn, mdb.dbi, &k, &v, MDBX_UPSERT)
