=== Bank Benchmark: MDBX ===
  Accounts:     1,000,000
  Transactions: 1,000,000
  Batch size:   1
  Sync every:   never commits
  Sync mode:    none
  Seed:         12345
  Read mode:    latest
  DB path:      /tmp/bench_bank_psitrimdbx

Phase 1: Account Generation
  Loaded 104,334 dictionary words
  Account generation              0.058 sec      17,147,969 ops/sec

Phase 2: Bulk Load
mapping.cpp:84             (null)     mapping               [33mOpened empty file: /tmp/bench_bank_psitrimdbx/ptrs/header.bin[0m
mapping.cpp:132            (null)     resize                [33mResizing mapping: current=0, new=4120[0m
mapping.cpp:192            (null)     resize                [33mRemapped to new location: old_addr=0, new_addr=123870012850176, size=4120[0m
control_block_alloc.cpp:30  (null)     control_block_alloc   [1;31mfree_list.bit blocksize: 524288[0m
control_block_alloc.cpp:84  (null)     ensure_capacity       [33mgrowing control_block capacity: 0 [0m
allocator.cpp:126          (null)     cap_to_disk_space     [33mmax_database_size (32768 GB) exceeds filesystem capacity (60 GB) — capping[0m
mapping.cpp:84             (null)     mapping               [33mOpened empty file: /tmp/bench_bank_psitrimdbx/header[0m
mapping.cpp:84             (null)     mapping               [33mOpened empty file: /tmp/bench_bank_psitrimdbx/roots[0m
mapping.cpp:132            (null)     resize                [33mResizing mapping: current=0, new=93618176[0m
mapping.cpp:192            (null)     resize                [33mRemapped to new location: old_addr=0, new_addr=123769751044096, size=93618176[0m
mapping.cpp:132            (null)     resize                [33mResizing mapping: current=0, new=4096[0m
mapping.cpp:192            (null)     resize                [33mRemapped to new location: old_addr=0, new_addr=123870012846080, size=4096[0m
mapping.cpp:84             (null)     mapping               [33mOpened empty file: /tmp/bench_bank_psitrimdbx/dbfile.bin[0m
mapping.cpp:132            (null)     resize                [33mResizing mapping: current=0, new=4160[0m
mapping.cpp:192            (null)     resize                [33mRemapped to new location: old_addr=0, new_addr=123870012837888, size=4160[0m
[MERGE] root=1 entries=1000000  585 ms wall / 585 ms cpu  syscall=0%  1709465 entries/sec  0.58 us/entry  max=0.0 ms
        latency: <1us=983696  <10us=16275  <100us=29  <1ms=0  <10ms=0  >=10ms=0  |  stalls(>=1ms): 0 entries, 0 ms total (0% of wall)
        segments: 2 new segs, 0 ms total (0% of wall)  0.0 ms/seg
